{"D:\\Cursos\\Programación\\Programación Backend\\Desafios\\Desafio22 - Test Unitarios\\index.js": {"path":"D:\\Cursos\\Programación\\Programación Backend\\Desafios\\Desafio22 - Test Unitarios\\index.js","statementMap":{"0":{"start":{"line":9,"column":20},"end":{"line":35,"column":1}},"1":{"start":{"line":10,"column":20},"end":{"line":10,"column":29}},"2":{"start":{"line":11,"column":20},"end":{"line":11,"column":29}},"3":{"start":{"line":13,"column":2},"end":{"line":34,"column":3}},"4":{"start":{"line":23,"column":4},"end":{"line":23,"column":17}},"5":{"start":{"line":25,"column":25},"end":{"line":25,"column":39}},"6":{"start":{"line":26,"column":25},"end":{"line":26,"column":39}},"7":{"start":{"line":27,"column":20},"end":{"line":32,"column":5}},"8":{"start":{"line":33,"column":4},"end":{"line":33,"column":16}},"9":{"start":{"line":37,"column":0},"end":{"line":37,"column":18}},"10":{"start":{"line":39,"column":0},"end":{"line":39,"column":33}}},"fnMap":{"0":{"name":"(anonymous_0)","decl":{"start":{"line":9,"column":20},"end":{"line":9,"column":21}},"loc":{"start":{"line":9,"column":32},"end":{"line":35,"column":1}},"line":9}},"branchMap":{"0":{"loc":{"start":{"line":13,"column":2},"end":{"line":34,"column":3}},"type":"if","locations":[{"start":{"line":13,"column":2},"end":{"line":34,"column":3}},{"start":{"line":13,"column":2},"end":{"line":34,"column":3}}],"line":13},"1":{"loc":{"start":{"line":14,"column":4},"end":{"line":21,"column":20}},"type":"binary-expr","locations":[{"start":{"line":14,"column":4},"end":{"line":14,"column":26}},{"start":{"line":15,"column":4},"end":{"line":15,"column":26}},{"start":{"line":16,"column":4},"end":{"line":16,"column":14}},{"start":{"line":17,"column":4},"end":{"line":17,"column":14}},{"start":{"line":18,"column":4},"end":{"line":18,"column":15}},{"start":{"line":19,"column":4},"end":{"line":19,"column":15}},{"start":{"line":20,"column":4},"end":{"line":20,"column":20}},{"start":{"line":21,"column":4},"end":{"line":21,"column":20}}],"line":14}},"s":{"0":1,"1":11,"2":11,"3":11,"4":5,"5":6,"6":6,"7":6,"8":6,"9":1,"10":1},"f":{"0":11},"b":{"0":[5,6],"1":[11,11,6,6,6,6,6,6]},"_coverageSchema":"1a1c01bbd47fc00a2c39e90264f33305004495a9","hash":"10b20ed584db7c2936e5ed5f78ee8c60a0eca885"}
}
